<?xml version="1.0" encoding="UTF-8"?>
<!-- Generated by org.testng.reporters.JUnitXMLReporter -->
<testsuite ignored="7" hostname="LAPTOP-ALB1PIQL" failures="0" tests="1" name="Default test" time="30.237" errors="0" timestamp="2024-09-18T19:03:25 IST">
  <testcase classname="nativeApp.ApiDemo" name="switchapp" time="15.54"/>
  <testcase classname="nativeApp.ApiDemo" name="longgpress" time="0.0">
    <ignored/>
  </testcase> <!-- longgpress -->
  <testcase classname="nativeApp.ApiDemo" name="scrolll" time="0.0">
    <ignored/>
  </testcase> <!-- scrolll -->
  <testcase classname="nativeApp.ApiDemo" name="dragdrop" time="0.0">
    <ignored/>
  </testcase> <!-- dragdrop -->
  <testcase classname="nativeApp.ApiDemo" name="swipee" time="0.0">
    <ignored/>
  </testcase> <!-- swipee -->
  <testcase classname="nativeApp.ApiDemo" name="prefernce" time="0.0">
    <ignored/>
  </testcase> <!-- prefernce -->
  <testcase classname="nativeApp.ApiDemo" name="tc" time="0.0">
    <ignored/>
  </testcase> <!-- tc -->
  <testcase classname="nativeApp.ApiDemo" name="notifications" time="0.0">
    <ignored/>
  </testcase> <!-- notifications -->
</testsuite> <!-- Default test -->
