<?xml version="1.0" encoding="UTF-8"?>
<testng-results ignored="0" total="1" passed="1" failed="0" skipped="0">
  <reporter-output>
  </reporter-output>
  <suite started-at="2024-09-18T19:02:54 IST" name="Default suite" finished-at="2024-09-18T19:03:24 IST" duration-ms="30237">
    <groups>
    </groups>
    <test started-at="2024-09-18T19:02:54 IST" name="Default test" finished-at="2024-09-18T19:03:24 IST" duration-ms="30237">
      <class name="nativeApp.ApiDemo">
        <test-method is-config="true" signature="bt()[pri:0, instance:nativeApp.ApiDemo@14fc5f04]" started-at="2024-09-18T19:02:54 IST" name="bt" finished-at="2024-09-18T19:03:09 IST" duration-ms="14596" status="PASS">
          <reporter-output>
          </reporter-output>
        </test-method> <!-- bt -->
        <test-method signature="switchapp()[pri:0, instance:nativeApp.ApiDemo@14fc5f04]" started-at="2024-09-18T19:03:09 IST" name="switchapp" finished-at="2024-09-18T19:03:24 IST" duration-ms="15540" status="PASS">
          <reporter-output>
          </reporter-output>
        </test-method> <!-- switchapp -->
      </class> <!-- nativeApp.ApiDemo -->
    </test> <!-- Default test -->
  </suite> <!-- Default suite -->
</testng-results>
